

Microchip MPLAB XC8 Assembler V3.10 build 20250813170317 
                                                                                               Tue Mar 24 07:24:08 2026

Microchip MPLAB XC8 C Compiler v3.10 (Free license) build 20250813170317 Og1 
     1                           	processor	18F46K22
     2                           	fnconf	rparam,??,?,0
     3                           	pagewidth 120
     4                           	opt	flic
     5                           	psect	cinit,global,reloc=2,class=CODE,space=0,delta=1
     6                           	psect	cstackCOMRAM,global,class=COMRAM,space=1,delta=1,lowdata,noexec
     7                           	psect	text0,global,reloc=2,class=CODE,space=0,delta=1
     8                           	psect	smallconst,global,reloc=2,class=SMALLCONST,space=0,delta=1,noexec
     9                           	psect	intsave_regs,global,class=BIGRAM,space=1,delta=1,noexec
    10                           	psect	rparam,global,class=COMRAM,space=1,delta=1,noexec
    11   000000                     
    12                           ; Generated 24/03/2025 GMT
    13                           ; 
    14                           ; Copyright © 2025, Microchip Technology Inc. and its subsidiaries ("Microchip")
    15                           ; All rights reserved.
    16                           ; 
    17                           ; This software is developed by Microchip Technology Inc. and its subsidiaries ("Microch
      +                          ip").
    18                           ; 
    19                           ; Redistribution and use in source and binary forms, with or without modification, are
    20                           ; permitted provided that the following conditions are met:
    21                           ; 
    22                           ;     1. Redistributions of source code must retain the above copyright notice, this lis
      +                          t of
    23                           ;        conditions and the following disclaimer.
    24                           ; 
    25                           ;     2. Redistributions in binary form must reproduce the above copyright notice, this 
      +                          list
    26                           ;        of conditions and the following disclaimer in the documentation and/or other
    27                           ;        materials provided with the distribution. Publication is not required when
    28                           ;        this file is used in an embedded application.
    29                           ; 
    30                           ;     3. Microchip's name may not be used to endorse or promote products derived from th
      +                          is
    31                           ;        software without specific prior written permission.
    32                           ; 
    33                           ; THIS SOFTWARE IS PROVIDED BY MICROCHIP "AS IS" AND ANY EXPRESS OR IMPLIED WARRANTIES,
    34                           ; INCLUDING, BUT NOT LIMITED TO, THE IMPLIED WARRANTIES OF MERCHANTABILITY AND FITNESS F
      +                          OR
    35                           ; PURPOSE ARE DISCLAIMED.  IN NO EVENT SHALL MICROCHIP BE LIABLE FOR ANY DIRECT, INDIREC
      +                          T,
    36                           ; INCIDENTAL, SPECIAL, EXEMPLARY, OR CONSEQUENTIAL DAMAGES (INCLUDING BUT NOT LIMITED TO
    37                           ; PROCUREMENT OF SUBSTITUTE GOODS OR SERVICES; LOSS OF USE, DATA OR PROFITS; OR BUSINESS
    38                           ; INTERRUPTION) HOWSOEVER CAUSED AND ON ANY THEORY OF LIABILITY, WHETHER IN CONTRACT, ST
      +                          RICT
    39                           ; LIABILITY, OR TORT (INCLUDING NEGLIGENCE OR OTHERWISE) ARISING IN ANY WAY OUT OF THE U
      +                          SE OF
    40                           ; THIS SOFTWARE, EVEN IF ADVISED OF THE POSSIBILITY OF SUCH DAMAGE.
    41                           ; 
    42                           ; 
    43                           ; Code-generator required, PIC18F46K22 Definitions
    44                           ; 
    45                           ; SFR Addresses
    46   000FE0                     bsr             equ	4064
    47   000FE9                     fsr0            equ	4073
    48   000FEA                     fsr0h           equ	4074
    49   000FE9                     fsr0l           equ	4073
    50   000FE1                     fsr1            equ	4065
    51   000FE2                     fsr1h           equ	4066
    52   000FE1                     fsr1l           equ	4065
    53   000FD9                     fsr2            equ	4057
    54   000FDA                     fsr2h           equ	4058
    55   000FD9                     fsr2l           equ	4057
    56   000FEF                     indf0           equ	4079
    57   000FE7                     indf1           equ	4071
    58   000FDF                     indf2           equ	4063
    59   000FF2                     intcon          equ	4082
    60   000000                     nvmcon          equ	0
    61   000FF9                     pcl             equ	4089
    62   000FFA                     pclath          equ	4090
    63   000FFB                     pclatu          equ	4091
    64   000FEB                     plusw0          equ	4075
    65   000FE3                     plusw1          equ	4067
    66   000FDB                     plusw2          equ	4059
    67   000FED                     postdec0        equ	4077
    68   000FE5                     postdec1        equ	4069
    69   000FDD                     postdec2        equ	4061
    70   000FEE                     postinc0        equ	4078
    71   000FE6                     postinc1        equ	4070
    72   000FDE                     postinc2        equ	4062
    73   000FEC                     preinc0         equ	4076
    74   000FE4                     preinc1         equ	4068
    75   000FDC                     preinc2         equ	4060
    76   000FF3                     prod            equ	4083
    77   000FF4                     prodh           equ	4084
    78   000FF3                     prodl           equ	4083
    79   000FD8                     status          equ	4056
    80   000FF5                     tablat          equ	4085
    81   000FF6                     tblptr          equ	4086
    82   000FF7                     tblptrh         equ	4087
    83   000FF6                     tblptrl         equ	4086
    84   000FF8                     tblptru         equ	4088
    85   000FFD                     tosl            equ	4093
    86   000FE8                     wreg            equ	4072
    87   000F38                     ANSELA          equ	3896	;# 
    88   000F39                     ANSELB          equ	3897	;# 
    89   000F3A                     ANSELC          equ	3898	;# 
    90   000F3B                     ANSELD          equ	3899	;# 
    91   000F3C                     ANSELE          equ	3900	;# 
    92   000F3D                     PMD2            equ	3901	;# 
    93   000F3E                     PMD1            equ	3902	;# 
    94   000F3F                     PMD0            equ	3903	;# 
    95   000F40                     VREFCON2        equ	3904	;# 
    96   000F40                     DACCON1         equ	3904	;# 
    97   000F41                     VREFCON1        equ	3905	;# 
    98   000F41                     DACCON0         equ	3905	;# 
    99   000F42                     VREFCON0        equ	3906	;# 
   100   000F42                     FVRCON          equ	3906	;# 
   101   000F43                     CTMUICON        equ	3907	;# 
   102   000F43                     CTMUICONH       equ	3907	;# 
   103   000F44                     CTMUCONL        equ	3908	;# 
   104   000F44                     CTMUCON1        equ	3908	;# 
   105   000F45                     CTMUCONH        equ	3909	;# 
   106   000F45                     CTMUCON0        equ	3909	;# 
   107   000F46                     SRCON1          equ	3910	;# 
   108   000F47                     SRCON0          equ	3911	;# 
   109   000F48                     CCPTMRS1        equ	3912	;# 
   110   000F49                     CCPTMRS0        equ	3913	;# 
   111   000F4A                     T6CON           equ	3914	;# 
   112   000F4B                     PR6             equ	3915	;# 
   113   000F4C                     TMR6            equ	3916	;# 
   114   000F4D                     T5GCON          equ	3917	;# 
   115   000F4E                     T5CON           equ	3918	;# 
   116   000F4F                     TMR5            equ	3919	;# 
   117   000F4F                     TMR5L           equ	3919	;# 
   118   000F50                     TMR5H           equ	3920	;# 
   119   000F51                     T4CON           equ	3921	;# 
   120   000F52                     PR4             equ	3922	;# 
   121   000F53                     TMR4            equ	3923	;# 
   122   000F54                     CCP5CON         equ	3924	;# 
   123   000F55                     CCPR5           equ	3925	;# 
   124   000F55                     CCPR5L          equ	3925	;# 
   125   000F56                     CCPR5H          equ	3926	;# 
   126   000F57                     CCP4CON         equ	3927	;# 
   127   000F58                     CCPR4           equ	3928	;# 
   128   000F58                     CCPR4L          equ	3928	;# 
   129   000F59                     CCPR4H          equ	3929	;# 
   130   000F5A                     PSTR3CON        equ	3930	;# 
   131   000F5B                     ECCP3AS         equ	3931	;# 
   132   000F5B                     CCP3AS          equ	3931	;# 
   133   000F5C                     PWM3CON         equ	3932	;# 
   134   000F5D                     CCP3CON         equ	3933	;# 
   135   000F5E                     CCPR3           equ	3934	;# 
   136   000F5E                     CCPR3L          equ	3934	;# 
   137   000F5F                     CCPR3H          equ	3935	;# 
   138   000F60                     SLRCON          equ	3936	;# 
   139   000F61                     WPUB            equ	3937	;# 
   140   000F62                     IOCB            equ	3938	;# 
   141   000F63                     PSTR2CON        equ	3939	;# 
   142   000F64                     ECCP2AS         equ	3940	;# 
   143   000F64                     CCP2AS          equ	3940	;# 
   144   000F65                     PWM2CON         equ	3941	;# 
   145   000F66                     CCP2CON         equ	3942	;# 
   146   000F67                     CCPR2           equ	3943	;# 
   147   000F67                     CCPR2L          equ	3943	;# 
   148   000F68                     CCPR2H          equ	3944	;# 
   149   000F69                     SSP2CON3        equ	3945	;# 
   150   000F6A                     SSP2MSK         equ	3946	;# 
   151   000F6B                     SSP2CON2        equ	3947	;# 
   152   000F6C                     SSP2CON1        equ	3948	;# 
   153   000F6D                     SSP2STAT        equ	3949	;# 
   154   000F6E                     SSP2ADD         equ	3950	;# 
   155   000F6F                     SSP2BUF         equ	3951	;# 
   156   000F70                     BAUDCON2        equ	3952	;# 
   157   000F70                     BAUD2CON        equ	3952	;# 
   158   000F71                     RCSTA2          equ	3953	;# 
   159   000F71                     RC2STA          equ	3953	;# 
   160   000F72                     TXSTA2          equ	3954	;# 
   161   000F72                     TX2STA          equ	3954	;# 
   162   000F73                     TXREG2          equ	3955	;# 
   163   000F73                     TX2REG          equ	3955	;# 
   164   000F74                     RCREG2          equ	3956	;# 
   165   000F74                     RC2REG          equ	3956	;# 
   166   000F75                     SPBRG2          equ	3957	;# 
   167   000F75                     SP2BRG          equ	3957	;# 
   168   000F76                     SPBRGH2         equ	3958	;# 
   169   000F76                     SP2BRGH         equ	3958	;# 
   170   000F77                     CM2CON1         equ	3959	;# 
   171   000F77                     CM12CON         equ	3959	;# 
   172   000F78                     CM2CON0         equ	3960	;# 
   173   000F78                     CM2CON          equ	3960	;# 
   174   000F79                     CM1CON0         equ	3961	;# 
   175   000F79                     CM1CON          equ	3961	;# 
   176   000F7A                     PIE4            equ	3962	;# 
   177   000F7B                     PIR4            equ	3963	;# 
   178   000F7C                     IPR4            equ	3964	;# 
   179   000F7D                     PIE5            equ	3965	;# 
   180   000F7E                     PIR5            equ	3966	;# 
   181   000F7F                     IPR5            equ	3967	;# 
   182   000F80                     PORTA           equ	3968	;# 
   183   000F81                     PORTB           equ	3969	;# 
   184   000F82                     PORTC           equ	3970	;# 
   185   000F83                     PORTD           equ	3971	;# 
   186   000F84                     PORTE           equ	3972	;# 
   187   000F89                     LATA            equ	3977	;# 
   188   000F8A                     LATB            equ	3978	;# 
   189   000F8B                     LATC            equ	3979	;# 
   190   000F8C                     LATD            equ	3980	;# 
   191   000F8D                     LATE            equ	3981	;# 
   192   000F92                     TRISA           equ	3986	;# 
   193   000F92                     DDRA            equ	3986	;# 
   194   000F93                     TRISB           equ	3987	;# 
   195   000F93                     DDRB            equ	3987	;# 
   196   000F94                     TRISC           equ	3988	;# 
   197   000F94                     DDRC            equ	3988	;# 
   198   000F95                     TRISD           equ	3989	;# 
   199   000F95                     DDRD            equ	3989	;# 
   200   000F96                     TRISE           equ	3990	;# 
   201   000F96                     DDRE            equ	3990	;# 
   202   000F9B                     OSCTUNE         equ	3995	;# 
   203   000F9C                     HLVDCON         equ	3996	;# 
   204   000F9C                     LVDCON          equ	3996	;# 
   205   000F9D                     PIE1            equ	3997	;# 
   206   000F9E                     PIR1            equ	3998	;# 
   207   000F9F                     IPR1            equ	3999	;# 
   208   000FA0                     PIE2            equ	4000	;# 
   209   000FA1                     PIR2            equ	4001	;# 
   210   000FA2                     IPR2            equ	4002	;# 
   211   000FA3                     PIE3            equ	4003	;# 
   212   000FA4                     PIR3            equ	4004	;# 
   213   000FA5                     IPR3            equ	4005	;# 
   214   000FA6                     EECON1          equ	4006	;# 
   215   000FA7                     EECON2          equ	4007	;# 
   216   000FA8                     EEDATA          equ	4008	;# 
   217   000FA9                     EEADR           equ	4009	;# 
   218   000FAA                     EEADRH          equ	4010	;# 
   219   000FAB                     RCSTA1          equ	4011	;# 
   220   000FAB                     RCSTA           equ	4011	;# 
   221   000FAB                     RC1STA          equ	4011	;# 
   222   000FAC                     TXSTA1          equ	4012	;# 
   223   000FAC                     TXSTA           equ	4012	;# 
   224   000FAC                     TX1STA          equ	4012	;# 
   225   000FAD                     TXREG1          equ	4013	;# 
   226   000FAD                     TXREG           equ	4013	;# 
   227   000FAD                     TX1REG          equ	4013	;# 
   228   000FAE                     RCREG1          equ	4014	;# 
   229   000FAE                     RCREG           equ	4014	;# 
   230   000FAE                     RC1REG          equ	4014	;# 
   231   000FAF                     SPBRG1          equ	4015	;# 
   232   000FAF                     SPBRG           equ	4015	;# 
   233   000FAF                     SP1BRG          equ	4015	;# 
   234   000FB0                     SPBRGH1         equ	4016	;# 
   235   000FB0                     SPBRGH          equ	4016	;# 
   236   000FB0                     SP1BRGH         equ	4016	;# 
   237   000FB1                     T3CON           equ	4017	;# 
   238   000FB2                     TMR3            equ	4018	;# 
   239   000FB2                     TMR3L           equ	4018	;# 
   240   000FB3                     TMR3H           equ	4019	;# 
   241   000FB4                     T3GCON          equ	4020	;# 
   242   000FB6                     ECCP1AS         equ	4022	;# 
   243   000FB6                     ECCPAS          equ	4022	;# 
   244   000FB7                     PWM1CON         equ	4023	;# 
   245   000FB7                     PWMCON          equ	4023	;# 
   246   000FB8                     BAUDCON1        equ	4024	;# 
   247   000FB8                     BAUDCON         equ	4024	;# 
   248   000FB8                     BAUDCTL         equ	4024	;# 
   249   000FB8                     BAUD1CON        equ	4024	;# 
   250   000FB9                     PSTR1CON        equ	4025	;# 
   251   000FB9                     PSTRCON         equ	4025	;# 
   252   000FBA                     T2CON           equ	4026	;# 
   253   000FBB                     PR2             equ	4027	;# 
   254   000FBC                     TMR2            equ	4028	;# 
   255   000FBD                     CCP1CON         equ	4029	;# 
   256   000FBE                     CCPR1           equ	4030	;# 
   257   000FBE                     CCPR1L          equ	4030	;# 
   258   000FBF                     CCPR1H          equ	4031	;# 
   259   000FC0                     ADCON2          equ	4032	;# 
   260   000FC1                     ADCON1          equ	4033	;# 
   261   000FC2                     ADCON0          equ	4034	;# 
   262   000FC3                     ADRES           equ	4035	;# 
   263   000FC3                     ADRESL          equ	4035	;# 
   264   000FC4                     ADRESH          equ	4036	;# 
   265   000FC5                     SSP1CON2        equ	4037	;# 
   266   000FC5                     SSPCON2         equ	4037	;# 
   267   000FC6                     SSP1CON1        equ	4038	;# 
   268   000FC6                     SSPCON1         equ	4038	;# 
   269   000FC7                     SSP1STAT        equ	4039	;# 
   270   000FC7                     SSPSTAT         equ	4039	;# 
   271   000FC8                     SSP1ADD         equ	4040	;# 
   272   000FC8                     SSPADD          equ	4040	;# 
   273   000FC9                     SSP1BUF         equ	4041	;# 
   274   000FC9                     SSPBUF          equ	4041	;# 
   275   000FCA                     SSP1MSK         equ	4042	;# 
   276   000FCA                     SSPMSK          equ	4042	;# 
   277   000FCB                     SSP1CON3        equ	4043	;# 
   278   000FCB                     SSPCON3         equ	4043	;# 
   279   000FCC                     T1GCON          equ	4044	;# 
   280   000FCD                     T1CON           equ	4045	;# 
   281   000FCE                     TMR1            equ	4046	;# 
   282   000FCE                     TMR1L           equ	4046	;# 
   283   000FCF                     TMR1H           equ	4047	;# 
   284   000FD0                     RCON            equ	4048	;# 
   285   000FD1                     WDTCON          equ	4049	;# 
   286   000FD2                     OSCCON2         equ	4050	;# 
   287   000FD3                     OSCCON          equ	4051	;# 
   288   000FD5                     T0CON           equ	4053	;# 
   289   000FD6                     TMR0            equ	4054	;# 
   290   000FD6                     TMR0L           equ	4054	;# 
   291   000FD7                     TMR0H           equ	4055	;# 
   292   000FD8                     STATUS          equ	4056	;# 
   293   000FD9                     FSR2            equ	4057	;# 
   294   000FD9                     FSR2L           equ	4057	;# 
   295   000FDA                     FSR2H           equ	4058	;# 
   296   000FDB                     PLUSW2          equ	4059	;# 
   297   000FDC                     PREINC2         equ	4060	;# 
   298   000FDD                     POSTDEC2        equ	4061	;# 
   299   000FDE                     POSTINC2        equ	4062	;# 
   300   000FDF                     INDF2           equ	4063	;# 
   301   000FE0                     BSR             equ	4064	;# 
   302   000FE1                     FSR1            equ	4065	;# 
   303   000FE1                     FSR1L           equ	4065	;# 
   304   000FE2                     FSR1H           equ	4066	;# 
   305   000FE3                     PLUSW1          equ	4067	;# 
   306   000FE4                     PREINC1         equ	4068	;# 
   307   000FE5                     POSTDEC1        equ	4069	;# 
   308   000FE6                     POSTINC1        equ	4070	;# 
   309   000FE7                     INDF1           equ	4071	;# 
   310   000FE8                     WREG            equ	4072	;# 
   311   000FE9                     FSR0            equ	4073	;# 
   312   000FE9                     FSR0L           equ	4073	;# 
   313   000FEA                     FSR0H           equ	4074	;# 
   314   000FEB                     PLUSW0          equ	4075	;# 
   315   000FEC                     PREINC0         equ	4076	;# 
   316   000FED                     POSTDEC0        equ	4077	;# 
   317   000FEE                     POSTINC0        equ	4078	;# 
   318   000FEF                     INDF0           equ	4079	;# 
   319   000FF0                     INTCON3         equ	4080	;# 
   320   000FF1                     INTCON2         equ	4081	;# 
   321   000FF2                     INTCON          equ	4082	;# 
   322   000FF3                     PROD            equ	4083	;# 
   323   000FF3                     PRODL           equ	4083	;# 
   324   000FF4                     PRODH           equ	4084	;# 
   325   000FF5                     TABLAT          equ	4085	;# 
   326   000FF6                     TBLPTR          equ	4086	;# 
   327   000FF6                     TBLPTRL         equ	4086	;# 
   328   000FF7                     TBLPTRH         equ	4087	;# 
   329   000FF8                     TBLPTRU         equ	4088	;# 
   330   000FF9                     PCLAT           equ	4089	;# 
   331   000FF9                     PC              equ	4089	;# 
   332   000FF9                     PCL             equ	4089	;# 
   333   000FFA                     PCLATH          equ	4090	;# 
   334   000FFB                     PCLATU          equ	4091	;# 
   335   000FFC                     STKPTR          equ	4092	;# 
   336   000FFD                     TOS             equ	4093	;# 
   337   000FFD                     TOSL            equ	4093	;# 
   338   000FFE                     TOSH            equ	4094	;# 
   339   000FFF                     TOSU            equ	4095	;# 
   340                           
   341                           ; #config settings
   342                           
   343                           	psect	cinit
   344   00100A                     __pcinit:
   345                           	callstack 0
   346   00100A                     start_initialization:
   347                           	callstack 0
   348   00100A                     __initialization:
   349                           	callstack 0
   350   00100A                     end_of_initialization:
   351                           	callstack 0
   352   00100A                     __end_of__initialization:
   353                           	callstack 0
   354   00100A  0100               	movlb	0
   355   00100C  EF01  F008         	goto	_main	;jump to C main() function
   356                           
   357                           	psect	cstackCOMRAM
   358   000000                     __pcstackCOMRAM:
   359                           	callstack 0
   360   000000                     
   361                           ; 1 bytes @ 0x0
   362 ;;
   363 ;;Main: autosize = 0, tempsize = 0, incstack = 0, save=0
   364 ;;
   365 ;; *************** function _main *****************
   366 ;; Defined at:
   367 ;;		line 5 in file "main.c"
   368 ;; Parameters:    Size  Location     Type
   369 ;;		None
   370 ;; Auto vars:     Size  Location     Type
   371 ;;		None
   372 ;; Return value:  Size  Location     Type
   373 ;;                  2    4[None  ] int 
   374 ;; Registers used:
   375 ;;		None
   376 ;; Tracked objects:
   377 ;;		On entry : 0/0
   378 ;;		On exit  : 0/0
   379 ;;		Unchanged: 0/0
   380 ;; Data sizes:     COMRAM   BANK0   BANK1   BANK2   BANK3   BANK4   BANK5   BANK6   BANK7   BANK8   BANK9  BANK10  BANK1
      +1  BANK12  BANK13  BANK14  BANK15
   381 ;;      Params:         0       0       0       0       0       0       0       0       0       0       0       0       
      +0       0       0       0       0
   382 ;;      Locals:         0       0       0       0       0       0       0       0       0       0       0       0       
      +0       0       0       0       0
   383 ;;      Temps:          0       0       0       0       0       0       0       0       0       0       0       0       
      +0       0       0       0       0
   384 ;;      Totals:         0       0       0       0       0       0       0       0       0       0       0       0       
      +0       0       0       0       0
   385 ;;Total ram usage:        0 bytes
   386 ;; This function calls:
   387 ;;		Nothing
   388 ;; This function is called by:
   389 ;;		Startup code after reset
   390 ;; This function uses a non-reentrant model
   391 ;;
   392                           
   393                           	psect	text0
   394   001002                     __ptext0:
   395                           	callstack 0
   396   001002                     _main:
   397                           	callstack 31
   398   001002                     l5:
   399   001002  EF01  F008         	goto	l5
   400   001006  EFFE  F07F         	goto	start
   401   00100A                     __end_of_main:
   402                           	callstack 0
   403                           
   404                           	psect	smallconst
   405   001000                     __psmallconst:
   406                           	callstack 0
   407   001000  00                 	db	0
   408   001001  00                 	db	0	; dummy byte at the end
   409   001000                     __smallconst    set	__psmallconst
   410   001000                     __mediumconst   set	__psmallconst
   411   000000                     __activetblptr  equ	0
   412                           
   413                           	psect	rparam
   414   000001                     ___rparam_used  equ	1
   415   000000                     ___param_bank   equ	0
   416   000000                     __Lparam        equ	__Lrparam
   417   000000                     __Hparam        equ	__Hrparam
   418                           tosu	equ	0xFFF
   419                           tosh	equ	0xFFE
   420                           tosl	equ	0xFFD
   421                           stkptr	equ	0xFFC
   422                           pclatu	equ	0xFFB
   423                           pclath	equ	0xFFA
   424                           pcl	equ	0xFF9
   425                           tblptru	equ	0xFF8
   426                           tblptrh	equ	0xFF7
   427                           tblptrl	equ	0xFF6
   428                           tablat	equ	0xFF5
   429                           prodh	equ	0xFF4
   430                           prodl	equ	0xFF3
   431                           indf0	equ	0xFEF
   432                           postinc0	equ	0xFEE
   433                           postdec0	equ	0xFED
   434                           preinc0	equ	0xFEC
   435                           plusw0	equ	0xFEB
   436                           fsr0h	equ	0xFEA
   437                           fsr0l	equ	0xFE9
   438                           wreg	equ	0xFE8
   439                           indf1	equ	0xFE7
   440                           postinc1	equ	0xFE6
   441                           postdec1	equ	0xFE5
   442                           preinc1	equ	0xFE4
   443                           plusw1	equ	0xFE3
   444                           fsr1h	equ	0xFE2
   445                           fsr1l	equ	0xFE1
   446                           bsr	equ	0xFE0
   447                           indf2	equ	0xFDF
   448                           postinc2	equ	0xFDE
   449                           postdec2	equ	0xFDD
   450                           preinc2	equ	0xFDC
   451                           plusw2	equ	0xFDB
   452                           fsr2h	equ	0xFDA
   453                           fsr2l	equ	0xFD9
   454                           status	equ	0xFD8

Data Sizes:
    Strings     0
    Constant    0
    Data        0
    BSS         0
    Persistent  0
    Stack       0

Auto Spaces:
    Space          Size  Autos    Used
    COMRAM           95      0       0
    BANK0           160      0       0
    BANK1           256      0       0
    BANK2           256      0       0
    BANK3           256      0       0
    BANK4           256      0       0
    BANK5           256      0       0
    BANK6           256      0       0
    BANK7           256      0       0
    BANK8           256      0       0
    BANK9           256      0       0
    BANK10          256      0       0
    BANK11          256      0       0
    BANK12          256      0       0
    BANK13          256      0       0
    BANK14          256      0       0
    BANK15           56      0       0

Pointer List with Targets:

    None.

Critical Paths under _main in COMRAM

    None.

Critical Paths under _main in BANK0

    None.

Critical Paths under _main in BANK1

    None.

Critical Paths under _main in BANK2

    None.

Critical Paths under _main in BANK3

    None.

Critical Paths under _main in BANK4

    None.

Critical Paths under _main in BANK5

    None.

Critical Paths under _main in BANK6

    None.

Critical Paths under _main in BANK7

    None.

Critical Paths under _main in BANK8

    None.

Critical Paths under _main in BANK9

    None.

Critical Paths under _main in BANK10

    None.

Critical Paths under _main in BANK11

    None.

Critical Paths under _main in BANK12

    None.

Critical Paths under _main in BANK13

    None.

Critical Paths under _main in BANK14

    None.

Critical Paths under _main in BANK15

    None.

Call Graph Tables:

 ---------------------------------------------------------------------------------
 (Depth) Function   	        Calls       Base Space   Used Autos Params    Refs
 ---------------------------------------------------------------------------------
 (0) _main                                                 0     0      0       0
 ---------------------------------------------------------------------------------
 Estimated maximum stack depth 0
 ---------------------------------------------------------------------------------

 Call Graph Graphs:

 _main (ROOT)

Address spaces:
Name               Size   Autos  Total    Usage
BITCOMRAM           95      0       0      0.0%
BITBANK0           160      0       0      0.0%
BITBANK1           256      0       0      0.0%
BITBANK2           256      0       0      0.0%
BITBANK3           256      0       0      0.0%
BITBANK4           256      0       0      0.0%
BITBANK5           256      0       0      0.0%
BITBANK6           256      0       0      0.0%
BITBANK7           256      0       0      0.0%
BITBANK8           256      0       0      0.0%
BITBANK9           256      0       0      0.0%
BITBANK10          256      0       0      0.0%
BITBANK11          256      0       0      0.0%
BITBANK12          256      0       0      0.0%
BITBANK13          256      0       0      0.0%
BITBANK14          256      0       0      0.0%
BITBANK15           56      0       0      0.0%
BITBIGSFR          200      0       0      0.0%
COMRAM              95      0       0      0.0%
BANK0              160      0       0      0.0%
BANK1              256      0       0      0.0%
BANK2              256      0       0      0.0%
BANK3              256      0       0      0.0%
BANK4              256      0       0      0.0%
BANK5              256      0       0      0.0%
BANK6              256      0       0      0.0%
BANK7              256      0       0      0.0%
BANK8              256      0       0      0.0%
BANK9              256      0       0      0.0%
BANK10             256      0       0      0.0%
BANK11             256      0       0      0.0%
BANK12             256      0       0      0.0%
BANK13             256      0       0      0.0%
BANK14             256      0       0      0.0%
BANK15              56      0       0      0.0%
BIGRAM            3895      0       0      0.0%
STACK                0      0       0      0.0%
DATA                 0      0       0      0.0%


Microchip Technology PIC18 Macro Assembler V3.10 build 20250813170317 
Symbol Table                                                                                   Tue Mar 24 07:24:08 2026

                      l5 1002                        l6 1002                     _main 1002  
                   start FFFC             ___param_bank 0000                    ?_main 0000  
        __initialization 100A             __end_of_main 100A                   ??_main 0000  
          __activetblptr 0000                   isa$std 0001             __mediumconst 1000  
             __accesstop 0060  __end_of__initialization 100A            ___rparam_used 0001  
         __pcstackCOMRAM 0000                  __Hparam 0000                  __Lparam 0000  
           __psmallconst 1000                  __pcinit 100A                  __ramtop 1000  
                __ptext0 1002     end_of_initialization 100A      start_initialization 100A  
            __smallconst 1000                 __Hrparam 0000                 __Lrparam 0000  
               isa$xinst 0000  
